<?xml version="1.0" encoding="UTF-8"?>
<!-- Generated by org.testng.reporters.JUnitXMLReporter -->
<testsuite ignored="2" hostname="hp" failures="0" tests="2" name="Test" time="0.018" errors="0" timestamp="22 Jul 2022 03:18:37 GMT">
  <testcase classname="generic.BaseTest" name="@BeforeMethod openApp" time="0.0">
    <failure type="org.testng.TestNGException" message="
Parameter &amp;apos;property&amp;apos; is required by BeforeMethod on method openApp but has not been marked @Optional or defined
in C:\Users\abhishek\eclipse-workspace\priya\framework\testng.xml1">
      <![CDATA[org.testng.TestNGException: 
Parameter 'property' is required by BeforeMethod on method openApp but has not been marked @Optional or defined
in C:\Users\abhishek\eclipse-workspace\priya\framework\testng.xml1
... Removed 25 stack frames]]>
    </failure>
  </testcase> <!-- @BeforeMethod openApp -->
  <testcase classname="generic.BaseTest" name="@AfterMethod closeApp" time="0.0">
    <skipped/>
  </testcase> <!-- @AfterMethod closeApp -->
  <testcase classname="generic.BaseTest" name="@BeforeMethod openApp" time="0.0">
    <failure type="org.testng.TestNGException" message="
Parameter &amp;apos;property&amp;apos; is required by BeforeMethod on method openApp but has not been marked @Optional or defined
in C:\Users\abhishek\eclipse-workspace\priya\framework\testng.xml1">
      <![CDATA[org.testng.TestNGException: 
Parameter 'property' is required by BeforeMethod on method openApp but has not been marked @Optional or defined
in C:\Users\abhishek\eclipse-workspace\priya\framework\testng.xml1
... Removed 25 stack frames]]>
    </failure>
  </testcase> <!-- @BeforeMethod openApp -->
  <testcase classname="generic.BaseTest" name="@AfterMethod closeApp" time="0.0">
    <skipped/>
  </testcase> <!-- @AfterMethod closeApp -->
  <testcase classname="script.TestClass1" name="testA" time="0.0">
    <skipped/>
  </testcase> <!-- testA -->
  <testcase classname="script.TestClass2" name="testLogin" time="0.0">
    <skipped/>
  </testcase> <!-- testLogin -->
  <testcase classname="generic.BaseTest" name="@BeforeSuite createReport" time="0.0">
    <ignored/>
  </testcase> <!-- @BeforeSuite createReport -->
  <testcase classname="generic.BaseTest" name="@AfterSuite publishReport" time="0.0">
    <ignored/>
  </testcase> <!-- @AfterSuite publishReport -->
</testsuite> <!-- Test -->
